{"numTotalTestSuites":2,"numPassedTestSuites":2,"numFailedTestSuites":0,"numPendingTestSuites":0,"numTotalTests":7,"numPassedTests":7,"numFailedTests":0,"numPendingTests":0,"numTodoTests":0,"snapshot":{"added":0,"failure":false,"filesAdded":0,"filesRemoved":0,"filesRemovedList":[],"filesUnmatched":0,"filesUpdated":0,"matched":0,"total":0,"unchecked":0,"uncheckedKeysByFile":[],"unmatched":0,"updated":0,"didUpdate":false},"startTime":1788970189963,"success":true,"testResults":[{"assertionResults":[{"ancestorTitles":["public Pika adapter"],"fullName":"public Pika adapter validates the official text-to-video shape","status":"passed","title":"validates the official text-to-video shape","duration":2.4704000000000406,"failureMessages":[],"meta":{},"tags":[]},{"ancestorTitles":["public Pika adapter"],"fullName":"public Pika adapter rejects keyframe image count 0","status":"passed","title":"rejects keyframe image count 0","duration":0.773900000000026,"failureMessages":[],"meta":{},"tags":[]},{"ancestorTitles":["public Pika adapter"],"fullName":"public Pika adapter rejects keyframe image count 1","status":"passed","title":"rejects keyframe image count 1","duration":0.49120000000004893,"failureMessages":[],"meta":{},"tags":[]},{"ancestorTitles":["public Pika adapter"],"fullName":"public Pika adapter rejects keyframe image count 6","status":"passed","title":"rejects keyframe image count 6","duration":0.26530000000002474,"failureMessages":[],"meta":{},"tags":[]},{"ancestorTitles":["public Pika adapter"],"fullName":"public Pika adapter rejects unsupported options and never includes the key in validation output","status":"passed","title":"rejects unsupported options and never includes the key in validation output","duration":0.4843000000000188,"failureMessages":[],"meta":{},"tags":[]},{"ancestorTitles":["public Pika adapter"],"fullName":"public Pika adapter submits and polls through injected HTTPS transport","status":"passed","title":"submits and polls through injected HTTPS transport","duration":1.6596999999999866,"failureMessages":[],"meta":{},"tags":[]},{"ancestorTitles":["public Pika adapter"],"fullName":"public Pika adapter maps a generic single-shot prompt into the typed Pika request","status":"passed","title":"maps a generic single-shot prompt into the typed Pika request","duration":0.6672000000000367,"failureMessages":[],"meta":{},"tags":[]}],"startTime":1788970190417,"endTime":1788970190423.6672,"status":"passed","message":"","name":"C:/GitHub/filmbuff-project/filmbuff/ai-powered/src/__tests__/pika.test.ts"}]}