{"numFailedTestSuites":0,"numFailedTests":0,"numPassedTestSuites":1,"numPassedTests":11,"numPendingTestSuites":0,"numPendingTests":0,"numRuntimeErrorTestSuites":0,"numTodoTests":0,"numTotalTestSuites":1,"numTotalTests":11,"openHandles":[],"snapshot":{"added":0,"didUpdate":false,"failure":false,"filesAdded":0,"filesRemoved":0,"filesRemovedList":[],"filesUnmatched":0,"filesUpdated":0,"matched":0,"total":0,"unchecked":0,"uncheckedKeysByFile":[],"unmatched":0,"updated":0},"startTime":1788969544404,"success":true,"testResults":[{"assertionResults":[{"ancestorTitles":["Pika provider integration"],"duration":6,"failureDetails":[],"failureMessages":[],"fullName":"Pika provider integration uses one shared model catalog for config, capabilities, and GUI choices","invocations":1,"location":null,"numPassingAsserts":5,"retryReasons":[],"status":"passed","title":"uses one shared model catalog for config, capabilities, and GUI choices"},{"ancestorTitles":["Pika provider integration"],"duration":1,"failureDetails":[],"failureMessages":[],"fullName":"Pika provider integration selecting Pika without a model uses the current Pika default","invocations":1,"location":null,"numPassingAsserts":1,"retryReasons":[],"status":"passed","title":"selecting Pika without a model uses the current Pika default"},{"ancestorTitles":["Pika provider integration"],"duration":1,"failureDetails":[],"failureMessages":[],"fullName":"Pika provider integration enforces keyframe image count at 0","invocations":1,"location":null,"numPassingAsserts":1,"retryReasons":[],"status":"passed","title":"enforces keyframe image count at 0"},{"ancestorTitles":["Pika provider integration"],"duration":1,"failureDetails":[],"failureMessages":[],"fullName":"Pika provider integration enforces keyframe image count at 1","invocations":1,"location":null,"numPassingAsserts":1,"retryReasons":[],"status":"passed","title":"enforces keyframe image count at 1"},{"ancestorTitles":["Pika provider integration"],"duration":0,"failureDetails":[],"failureMessages":[],"fullName":"Pika provider integration enforces keyframe image count at 2","invocations":1,"location":null,"numPassingAsserts":1,"retryReasons":[],"status":"passed","title":"enforces keyframe image count at 2"},{"ancestorTitles":["Pika provider integration"],"duration":0,"failureDetails":[],"failureMessages":[],"fullName":"Pika provider integration enforces keyframe image count at 5","invocations":1,"location":null,"numPassingAsserts":1,"retryReasons":[],"status":"passed","title":"enforces keyframe image count at 5"},{"ancestorTitles":["Pika provider integration"],"duration":1,"failureDetails":[],"failureMessages":[],"fullName":"Pika provider integration enforces keyframe image count at 6","invocations":1,"location":null,"numPassingAsserts":1,"retryReasons":[],"status":"passed","title":"enforces keyframe image count at 6"},{"ancestorTitles":["Pika provider integration"],"duration":1,"failureDetails":[],"failureMessages":[],"fullName":"Pika provider integration rejects unsupported Pika options and invalid media values","invocations":1,"location":null,"numPassingAsserts":1,"retryReasons":[],"status":"passed","title":"rejects unsupported Pika options and invalid media values"},{"ancestorTitles":["Pika provider integration"],"duration":2,"failureDetails":[],"failureMessages":[],"fullName":"Pika provider integration round trips Pika provider options without credentials","invocations":1,"location":null,"numPassingAsserts":2,"retryReasons":[],"status":"passed","title":"round trips Pika provider options without credentials"},{"ancestorTitles":["Pika provider integration"],"duration":2,"failureDetails":[],"failureMessages":[],"fullName":"Pika provider integration Pika option errors are blocking during batch validation","invocations":1,"location":null,"numPassingAsserts":1,"retryReasons":[],"status":"passed","title":"Pika option errors are blocking during batch validation"},{"ancestorTitles":["Pika provider integration"],"duration":0,"failureDetails":[],"failureMessages":[],"fullName":"Pika provider integration GUI state stores the selected Pika model","invocations":1,"location":null,"numPassingAsserts":1,"retryReasons":[],"status":"passed","title":"GUI state stores the selected Pika model"}],"endTime":1788969550943,"message":"","name":"C:\\GitHub\\filmbuff-project\\filmbuff\\cli\\src\\__tests__\\pika-provider.test.ts","startTime":1788969544948,"status":"passed","summary":""}],"wasInterrupted":false}
